;;; 
Export: Release 23.0.0.0.0 - Production on Jue Ago 28 20:18:30 2025
Version 23.6.0.24.10

Copyright (c) 1982, 2024, Oracle and/or its affiliates.  All rights reserved.
;;; 
Conectado a: Oracle Database 23ai Free Release 23.0.0.0.0 - Develop, Learn, and Run for Free
Iniciando "HR_ADMIN"."SYS_EXPORT_SCHEMA_01":  hr_admin/********@DESKTOP-VP1T0H1:1521/freepdb1 schemas=hr_admin directory=github dumpfile=hr_backup.dump logfile=hr_backup.log 
Procesando el tipo de objeto SCHEMA_EXPORT/TABLE/TABLE_DATA
Procesando el tipo de objeto SCHEMA_EXPORT/PACKAGE/PACKAGE_BODY
Procesando el tipo de objeto SCHEMA_EXPORT/TABLE/INDEX/STATISTICS/INDEX_STATISTICS
Procesando el tipo de objeto SCHEMA_EXPORT/TABLE/STATISTICS/TABLE_STATISTICS
Procesando el tipo de objeto SCHEMA_EXPORT/USER
Procesando el tipo de objeto SCHEMA_EXPORT/SYSTEM_GRANT
Procesando el tipo de objeto SCHEMA_EXPORT/ROLE_GRANT
Procesando el tipo de objeto SCHEMA_EXPORT/DEFAULT_ROLE
Procesando el tipo de objeto SCHEMA_EXPORT/PRE_SCHEMA/PROCACT_SCHEMA/LOGREP
Procesando el tipo de objeto SCHEMA_EXPORT/SYNONYM/SYNONYM
Procesando el tipo de objeto SCHEMA_EXPORT/SEQUENCE/SEQUENCE
Procesando el tipo de objeto SCHEMA_EXPORT/TABLE/TABLE
Procesando el tipo de objeto SCHEMA_EXPORT/TABLE/GRANT/OWNER_GRANT/OBJECT_GRANT
Procesando el tipo de objeto SCHEMA_EXPORT/TABLE/COMMENT
Procesando el tipo de objeto SCHEMA_EXPORT/TABLE/IDENTITY_COLUMN
Procesando el tipo de objeto SCHEMA_EXPORT/PACKAGE/PACKAGE_SPEC
Procesando el tipo de objeto SCHEMA_EXPORT/FUNCTION/FUNCTION
Procesando el tipo de objeto SCHEMA_EXPORT/PROCEDURE/PROCEDURE
Procesando el tipo de objeto SCHEMA_EXPORT/PACKAGE/COMPILE_PACKAGE/PACKAGE_SPEC/ALTER_PACKAGE_SPEC
Procesando el tipo de objeto SCHEMA_EXPORT/FUNCTION/ALTER_FUNCTION
Procesando el tipo de objeto SCHEMA_EXPORT/PROCEDURE/ALTER_PROCEDURE
Procesando el tipo de objeto SCHEMA_EXPORT/VIEW/VIEW
Procesando el tipo de objeto SCHEMA_EXPORT/TABLE/INDEX/INDEX
Procesando el tipo de objeto SCHEMA_EXPORT/TABLE/CONSTRAINT/CONSTRAINT
Procesando el tipo de objeto SCHEMA_EXPORT/TABLE/CONSTRAINT/REF_CONSTRAINT
Procesando el tipo de objeto SCHEMA_EXPORT/TABLE/TRIGGER
. . "HR_ADMIN"."EXP_SD_1406-16_29_55"           818.9 KB    2011 filas exportadas
. . "HR_ADMIN"."EXP_SD_1410-16_40_29"          1008.1 KB    2033 filas exportadas
. . "HR_ADMIN"."PARKING_LOT"                      6.1 KB      15 filas exportadas
. . "HR_ADMIN"."INSTRUCTORS"                      6.4 KB       2 filas exportadas
. . "HR_ADMIN"."EMPLOYEES"                       18.6 KB     110 filas exportadas
. . "HR_ADMIN"."LOCATIONS"                        8.6 KB      23 filas exportadas
. . "HR_ADMIN"."COURSES"                          8.4 KB      18 filas exportadas
. . "HR_ADMIN"."JOB_HISTORY"                      7.3 KB      10 filas exportadas
. . "HR_ADMIN"."JOBS"                             7.3 KB      21 filas exportadas
. . "HR_ADMIN"."DEPARTMENTS"                      7.2 KB      28 filas exportadas
. . "HR_ADMIN"."EMPLOYEES_AUDIT"                  6.9 KB       1 filas exportadas
. . "HR_ADMIN"."COUNTRIES"                        6.5 KB      28 filas exportadas
. . "HR_ADMIN"."EMPLOYEES_COURSES"                6.5 KB       1 filas exportadas
. . "HR_ADMIN"."SALES"                            6.2 KB      15 filas exportadas
. . "HR_ADMIN"."MENU"                               6 KB       3 filas exportadas
. . "HR_ADMIN"."REGIONS"                          5.6 KB       5 filas exportadas
. . "HR_ADMIN"."MEMBERS"                          5.6 KB       2 filas exportadas
. . "HR_ADMIN"."FRIEND_EMAIL"                       0 KB       0 filas exportadas
. . "HR_ADMIN"."TEMPERATURES"                       0 KB       0 filas exportadas
La tabla maestra "HR_ADMIN"."SYS_EXPORT_SCHEMA_01" se ha cargado/descargado correctamente
******************************************************************************
El juego de archivos de volcado para HR_ADMIN.SYS_EXPORT_SCHEMA_01 es:
  C:\BACK_SQL\HR_BACKUP.DUMP
El trabajo "HR_ADMIN"."SYS_EXPORT_SCHEMA_01" ha terminado correctamente en Jue Ago 28 20:20:30 2025 elapsed 0 00:01:54
